{"/mnt/c/Users/luzbr/Desktop/liftup/backend/src/api/middlewares/authMiddleware.js": {"path":"/mnt/c/Users/luzbr/Desktop/liftup/backend/src/api/middlewares/authMiddleware.js","statementMap":{"0":{"start":{"line":3,"column":12},"end":{"line":3,"column":35}},"1":{"start":{"line":10,"column":21},"end":{"line":10,"column":46}},"2":{"start":{"line":13,"column":2},"end":{"line":15,"column":3}},"3":{"start":{"line":14,"column":4},"end":{"line":14,"column":87}},"4":{"start":{"line":18,"column":16},"end":{"line":18,"column":37}},"5":{"start":{"line":20,"column":2},"end":{"line":22,"column":3}},"6":{"start":{"line":21,"column":4},"end":{"line":21,"column":75}},"7":{"start":{"line":24,"column":16},"end":{"line":24,"column":24}},"8":{"start":{"line":26,"column":2},"end":{"line":42,"column":3}},"9":{"start":{"line":29,"column":22},"end":{"line":29,"column":85}},"10":{"start":{"line":31,"column":20},"end":{"line":31,"column":48}},"11":{"start":{"line":34,"column":4},"end":{"line":34,"column":23}},"12":{"start":{"line":37,"column":4},"end":{"line":37,"column":11}},"13":{"start":{"line":40,"column":4},"end":{"line":40,"column":78}},"14":{"start":{"line":41,"column":4},"end":{"line":41,"column":69}},"15":{"start":{"line":45,"column":0},"end":{"line":45,"column":32}}},"fnMap":{"0":{"name":"authMiddleware","decl":{"start":{"line":8,"column":9},"end":{"line":8,"column":23}},"loc":{"start":{"line":8,"column":40},"end":{"line":43,"column":1}},"line":8}},"branchMap":{"0":{"loc":{"start":{"line":13,"column":2},"end":{"line":15,"column":3}},"type":"if","locations":[{"start":{"line":13,"column":2},"end":{"line":15,"column":3}},{"start":{},"end":{}}],"line":13},"1":{"loc":{"start":{"line":20,"column":2},"end":{"line":22,"column":3}},"type":"if","locations":[{"start":{"line":20,"column":2},"end":{"line":22,"column":3}},{"start":{},"end":{}}],"line":20},"2":{"loc":{"start":{"line":20,"column":6},"end":{"line":20,"column":49}},"type":"binary-expr","locations":[{"start":{"line":20,"column":6},"end":{"line":20,"column":24}},{"start":{"line":20,"column":28},"end":{"line":20,"column":49}}],"line":20},"3":{"loc":{"start":{"line":29,"column":22},"end":{"line":29,"column":85}},"type":"binary-expr","locations":[{"start":{"line":29,"column":22},"end":{"line":29,"column":44}},{"start":{"line":29,"column":48},"end":{"line":29,"column":85}}],"line":29}},"s":{"0":0,"1":0,"2":0,"3":0,"4":0,"5":0,"6":0,"7":0,"8":0,"9":0,"10":0,"11":0,"12":0,"13":0,"14":0,"15":0},"f":{"0":0},"b":{"0":[0,0],"1":[0,0],"2":[0,0],"3":[0,0]}}
,"/mnt/c/Users/luzbr/Desktop/liftup/backend/src/api/routes/userRoutes.js": {"path":"/mnt/c/Users/luzbr/Desktop/liftup/backend/src/api/routes/userRoutes.js","statementMap":{"0":{"start":{"line":3,"column":16},"end":{"line":3,"column":34}},"1":{"start":{"line":4,"column":15},"end":{"line":4,"column":31}},"2":{"start":{"line":5,"column":23},"end":{"line":5,"column":66}},"3":{"start":{"line":8,"column":0},"end":{"line":8,"column":44}},"4":{"start":{"line":10,"column":0},"end":{"line":10,"column":24}}},"fnMap":{},"branchMap":{},"s":{"0":0,"1":0,"2":0,"3":0,"4":0},"f":{},"b":{}}
,"/mnt/c/Users/luzbr/Desktop/liftup/backend/src/api/routes/workoutRoutes.js": {"path":"/mnt/c/Users/luzbr/Desktop/liftup/backend/src/api/routes/workoutRoutes.js","statementMap":{"0":{"start":{"line":3,"column":16},"end":{"line":3,"column":34}},"1":{"start":{"line":4,"column":15},"end":{"line":4,"column":31}},"2":{"start":{"line":5,"column":26},"end":{"line":5,"column":72}},"3":{"start":{"line":6,"column":23},"end":{"line":6,"column":63}},"4":{"start":{"line":9,"column":0},"end":{"line":9,"column":66}},"5":{"start":{"line":12,"column":0},"end":{"line":12,"column":63}},"6":{"start":{"line":15,"column":0},"end":{"line":15,"column":75}},"7":{"start":{"line":18,"column":0},"end":{"line":18,"column":78}},"8":{"start":{"line":20,"column":0},"end":{"line":20,"column":24}}},"fnMap":{},"branchMap":{},"s":{"0":0,"1":0,"2":0,"3":0,"4":0,"5":0,"6":0,"7":0,"8":0},"f":{},"b":{}}
,"/mnt/c/Users/luzbr/Desktop/liftup/backend/src/config/prisma.js": {"path":"/mnt/c/Users/luzbr/Desktop/liftup/backend/src/config/prisma.js","statementMap":{"0":{"start":{"line":3,"column":25},"end":{"line":3,"column":50}},"1":{"start":{"line":5,"column":15},"end":{"line":5,"column":33}},"2":{"start":{"line":7,"column":0},"end":{"line":7,"column":24}}},"fnMap":{},"branchMap":{},"s":{"0":1,"1":1,"2":1},"f":{},"b":{},"_coverageSchema":"1a1c01bbd47fc00a2c39e90264f33305004495a9","hash":"7468885aadbcf61fa5452502384f6f7d34a40a36"}
,"/mnt/c/Users/luzbr/Desktop/liftup/backend/src/controllers/userController.js": {"path":"/mnt/c/Users/luzbr/Desktop/liftup/backend/src/controllers/userController.js","statementMap":{"0":{"start":{"line":3,"column":20},"end":{"line":3,"column":54}},"1":{"start":{"line":9,"column":2},"end":{"line":14,"column":3}},"2":{"start":{"line":10,"column":17},"end":{"line":10,"column":55}},"3":{"start":{"line":11,"column":4},"end":{"line":11,"column":31}},"4":{"start":{"line":13,"column":4},"end":{"line":13,"column":53}},"5":{"start":{"line":17,"column":0},"end":{"line":19,"column":2}}},"fnMap":{"0":{"name":"createUser","decl":{"start":{"line":8,"column":15},"end":{"line":8,"column":25}},"loc":{"start":{"line":8,"column":36},"end":{"line":15,"column":1}},"line":8}},"branchMap":{},"s":{"0":1,"1":3,"2":3,"3":1,"4":2,"5":1},"f":{"0":3},"b":{},"_coverageSchema":"1a1c01bbd47fc00a2c39e90264f33305004495a9","hash":"99e3e5c5495d65b47e10f5cb6e02f3163ff38c2d"}
,"/mnt/c/Users/luzbr/Desktop/liftup/backend/src/controllers/workoutController.js": {"path":"/mnt/c/Users/luzbr/Desktop/liftup/backend/src/controllers/workoutController.js","statementMap":{"0":{"start":{"line":3,"column":23},"end":{"line":3,"column":60}},"1":{"start":{"line":9,"column":2},"end":{"line":30,"column":3}},"2":{"start":{"line":11,"column":19},"end":{"line":11,"column":31}},"3":{"start":{"line":13,"column":4},"end":{"line":15,"column":5}},"4":{"start":{"line":14,"column":6},"end":{"line":14,"column":87}},"5":{"start":{"line":17,"column":64},"end":{"line":17,"column":72}},"6":{"start":{"line":19,"column":20},"end":{"line":25,"column":6}},"7":{"start":{"line":27,"column":4},"end":{"line":27,"column":34}},"8":{"start":{"line":29,"column":4},"end":{"line":29,"column":53}},"9":{"start":{"line":37,"column":2},"end":{"line":43,"column":3}},"10":{"start":{"line":38,"column":19},"end":{"line":38,"column":30}},"11":{"start":{"line":39,"column":21},"end":{"line":39,"column":67}},"12":{"start":{"line":40,"column":4},"end":{"line":40,"column":35}},"13":{"start":{"line":42,"column":4},"end":{"line":42,"column":53}},"14":{"start":{"line":50,"column":2},"end":{"line":59,"column":3}},"15":{"start":{"line":51,"column":19},"end":{"line":51,"column":30}},"16":{"start":{"line":52,"column":22},"end":{"line":52,"column":56}},"17":{"start":{"line":53,"column":23},"end":{"line":53,"column":31}},"18":{"start":{"line":55,"column":20},"end":{"line":55,"column":85}},"19":{"start":{"line":56,"column":4},"end":{"line":56,"column":34}},"20":{"start":{"line":58,"column":4},"end":{"line":58,"column":53}},"21":{"start":{"line":66,"column":2},"end":{"line":74,"column":3}},"22":{"start":{"line":67,"column":19},"end":{"line":67,"column":30}},"23":{"start":{"line":68,"column":22},"end":{"line":68,"column":56}},"24":{"start":{"line":70,"column":4},"end":{"line":70,"column":58}},"25":{"start":{"line":71,"column":4},"end":{"line":71,"column":69}},"26":{"start":{"line":73,"column":4},"end":{"line":73,"column":53}},"27":{"start":{"line":77,"column":0},"end":{"line":82,"column":2}}},"fnMap":{"0":{"name":"createWorkout","decl":{"start":{"line":8,"column":15},"end":{"line":8,"column":28}},"loc":{"start":{"line":8,"column":39},"end":{"line":31,"column":1}},"line":8},"1":{"name":"getWorkouts","decl":{"start":{"line":36,"column":15},"end":{"line":36,"column":26}},"loc":{"start":{"line":36,"column":37},"end":{"line":44,"column":1}},"line":36},"2":{"name":"updateWorkout","decl":{"start":{"line":49,"column":15},"end":{"line":49,"column":28}},"loc":{"start":{"line":49,"column":39},"end":{"line":60,"column":1}},"line":49},"3":{"name":"deleteWorkout","decl":{"start":{"line":65,"column":15},"end":{"line":65,"column":28}},"loc":{"start":{"line":65,"column":39},"end":{"line":75,"column":1}},"line":65}},"branchMap":{"0":{"loc":{"start":{"line":13,"column":4},"end":{"line":15,"column":5}},"type":"if","locations":[{"start":{"line":13,"column":4},"end":{"line":15,"column":5}},{"start":{},"end":{}}],"line":13}},"s":{"0":0,"1":0,"2":0,"3":0,"4":0,"5":0,"6":0,"7":0,"8":0,"9":0,"10":0,"11":0,"12":0,"13":0,"14":0,"15":0,"16":0,"17":0,"18":0,"19":0,"20":0,"21":0,"22":0,"23":0,"24":0,"25":0,"26":0,"27":0},"f":{"0":0,"1":0,"2":0,"3":0},"b":{"0":[0,0]}}
,"/mnt/c/Users/luzbr/Desktop/liftup/backend/src/services/userService.js": {"path":"/mnt/c/Users/luzbr/Desktop/liftup/backend/src/services/userService.js","statementMap":{"0":{"start":{"line":3,"column":15},"end":{"line":3,"column":42}},"1":{"start":{"line":4,"column":15},"end":{"line":4,"column":32}},"2":{"start":{"line":12,"column":62},"end":{"line":12,"column":70}},"3":{"start":{"line":14,"column":23},"end":{"line":14,"column":73}},"4":{"start":{"line":15,"column":2},"end":{"line":17,"column":3}},"5":{"start":{"line":16,"column":4},"end":{"line":16,"column":51}},"6":{"start":{"line":19,"column":25},"end":{"line":19,"column":56}},"7":{"start":{"line":21,"column":15},"end":{"line":36,"column":4}},"8":{"start":{"line":38,"column":2},"end":{"line":38,"column":14}},"9":{"start":{"line":41,"column":0},"end":{"line":43,"column":2}}},"fnMap":{"0":{"name":"createUser","decl":{"start":{"line":11,"column":15},"end":{"line":11,"column":25}},"loc":{"start":{"line":11,"column":36},"end":{"line":39,"column":1}},"line":11}},"branchMap":{"0":{"loc":{"start":{"line":15,"column":2},"end":{"line":17,"column":3}},"type":"if","locations":[{"start":{"line":15,"column":2},"end":{"line":17,"column":3}},{"start":{},"end":{}}],"line":15},"1":{"loc":{"start":{"line":25,"column":10},"end":{"line":25,"column":44}},"type":"cond-expr","locations":[{"start":{"line":25,"column":31},"end":{"line":25,"column":39}},{"start":{"line":25,"column":42},"end":{"line":25,"column":44}}],"line":25},"2":{"loc":{"start":{"line":26,"column":10},"end":{"line":26,"column":42}},"type":"cond-expr","locations":[{"start":{"line":26,"column":30},"end":{"line":26,"column":37}},{"start":{"line":26,"column":40},"end":{"line":26,"column":42}}],"line":26},"3":{"loc":{"start":{"line":27,"column":10},"end":{"line":27,"column":42}},"type":"cond-expr","locations":[{"start":{"line":27,"column":30},"end":{"line":27,"column":37}},{"start":{"line":27,"column":40},"end":{"line":27,"column":42}}],"line":27},"4":{"loc":{"start":{"line":28,"column":10},"end":{"line":28,"column":48}},"type":"cond-expr","locations":[{"start":{"line":28,"column":33},"end":{"line":28,"column":43}},{"start":{"line":28,"column":46},"end":{"line":28,"column":48}}],"line":28},"5":{"loc":{"start":{"line":29,"column":10},"end":{"line":29,"column":48}},"type":"cond-expr","locations":[{"start":{"line":29,"column":33},"end":{"line":29,"column":43}},{"start":{"line":29,"column":46},"end":{"line":29,"column":48}}],"line":29}},"s":{"0":4,"1":4,"2":6,"3":6,"4":6,"5":2,"6":4,"7":4,"8":3,"9":4},"f":{"0":6},"b":{"0":[2,4],"1":[3,1],"2":[3,1],"3":[3,1],"4":[3,1],"5":[3,1]},"_coverageSchema":"1a1c01bbd47fc00a2c39e90264f33305004495a9","hash":"b4634a1426020585a02702806d4a006742cc1106"}
,"/mnt/c/Users/luzbr/Desktop/liftup/backend/src/services/workoutService.js": {"path":"/mnt/c/Users/luzbr/Desktop/liftup/backend/src/services/workoutService.js","statementMap":{"0":{"start":{"line":3,"column":15},"end":{"line":3,"column":42}},"1":{"start":{"line":11,"column":70},"end":{"line":11,"column":81}},"2":{"start":{"line":14,"column":18},"end":{"line":21,"column":4}},"3":{"start":{"line":24,"column":2},"end":{"line":51,"column":3}},"4":{"start":{"line":25,"column":4},"end":{"line":50,"column":5}},"5":{"start":{"line":27,"column":27},"end":{"line":29,"column":8}},"6":{"start":{"line":31,"column":6},"end":{"line":38,"column":7}},"7":{"start":{"line":32,"column":8},"end":{"line":37,"column":11}},"8":{"start":{"line":41,"column":6},"end":{"line":49,"column":9}},"9":{"start":{"line":54,"column":2},"end":{"line":54,"column":51}},"10":{"start":{"line":61,"column":19},"end":{"line":75,"column":4}},"11":{"start":{"line":78,"column":2},"end":{"line":88,"column":6}},"12":{"start":{"line":78,"column":34},"end":{"line":88,"column":3}},"13":{"start":{"line":80,"column":45},"end":{"line":87,"column":5}},"14":{"start":{"line":95,"column":18},"end":{"line":104,"column":4}},"15":{"start":{"line":106,"column":2},"end":{"line":106,"column":28}},"16":{"start":{"line":106,"column":16},"end":{"line":106,"column":28}},"17":{"start":{"line":108,"column":2},"end":{"line":118,"column":4}},"18":{"start":{"line":110,"column":45},"end":{"line":117,"column":5}},"19":{"start":{"line":126,"column":18},"end":{"line":131,"column":4}},"20":{"start":{"line":133,"column":2},"end":{"line":135,"column":3}},"21":{"start":{"line":134,"column":4},"end":{"line":134,"column":72}},"22":{"start":{"line":138,"column":25},"end":{"line":145,"column":4}},"23":{"start":{"line":148,"column":2},"end":{"line":167,"column":3}},"24":{"start":{"line":149,"column":4},"end":{"line":149,"column":67}},"25":{"start":{"line":150,"column":4},"end":{"line":150,"column":66}},"26":{"start":{"line":153,"column":4},"end":{"line":166,"column":5}},"27":{"start":{"line":154,"column":6},"end":{"line":154,"column":107}},"28":{"start":{"line":155,"column":6},"end":{"line":165,"column":9}},"29":{"start":{"line":169,"column":2},"end":{"line":169,"column":50}},"30":{"start":{"line":177,"column":18},"end":{"line":182,"column":4}},"31":{"start":{"line":184,"column":2},"end":{"line":186,"column":3}},"32":{"start":{"line":185,"column":4},"end":{"line":185,"column":72}},"33":{"start":{"line":189,"column":2},"end":{"line":191,"column":5}},"34":{"start":{"line":194,"column":2},"end":{"line":196,"column":5}},"35":{"start":{"line":198,"column":2},"end":{"line":198,"column":52}},"36":{"start":{"line":201,"column":0},"end":{"line":207,"column":2}}},"fnMap":{"0":{"name":"createWorkout","decl":{"start":{"line":10,"column":15},"end":{"line":10,"column":28}},"loc":{"start":{"line":10,"column":42},"end":{"line":55,"column":1}},"line":10},"1":{"name":"getWorkoutsByUser","decl":{"start":{"line":60,"column":15},"end":{"line":60,"column":32}},"loc":{"start":{"line":60,"column":41},"end":{"line":89,"column":1}},"line":60},"2":{"name":"(anonymous_2)","decl":{"start":{"line":78,"column":22},"end":{"line":78,"column":23}},"loc":{"start":{"line":78,"column":34},"end":{"line":88,"column":3}},"line":78},"3":{"name":"(anonymous_3)","decl":{"start":{"line":80,"column":38},"end":{"line":80,"column":39}},"loc":{"start":{"line":80,"column":45},"end":{"line":87,"column":5}},"line":80},"4":{"name":"getWorkoutWithExercises","decl":{"start":{"line":94,"column":15},"end":{"line":94,"column":38}},"loc":{"start":{"line":94,"column":50},"end":{"line":119,"column":1}},"line":94},"5":{"name":"(anonymous_5)","decl":{"start":{"line":110,"column":38},"end":{"line":110,"column":39}},"loc":{"start":{"line":110,"column":45},"end":{"line":117,"column":5}},"line":110},"6":{"name":"updateWorkout","decl":{"start":{"line":124,"column":15},"end":{"line":124,"column":28}},"loc":{"start":{"line":124,"column":60},"end":{"line":170,"column":1}},"line":124},"7":{"name":"deleteWorkout","decl":{"start":{"line":175,"column":15},"end":{"line":175,"column":28}},"loc":{"start":{"line":175,"column":48},"end":{"line":199,"column":1}},"line":175}},"branchMap":{"0":{"loc":{"start":{"line":24,"column":2},"end":{"line":51,"column":3}},"type":"if","locations":[{"start":{"line":24,"column":2},"end":{"line":51,"column":3}},{"start":{},"end":{}}],"line":24},"1":{"loc":{"start":{"line":24,"column":6},"end":{"line":24,"column":39}},"type":"binary-expr","locations":[{"start":{"line":24,"column":6},"end":{"line":24,"column":15}},{"start":{"line":24,"column":19},"end":{"line":24,"column":39}}],"line":24},"2":{"loc":{"start":{"line":31,"column":6},"end":{"line":38,"column":7}},"type":"if","locations":[{"start":{"line":31,"column":6},"end":{"line":38,"column":7}},{"start":{},"end":{}}],"line":31},"3":{"loc":{"start":{"line":35,"column":26},"end":{"line":35,"column":55}},"type":"binary-expr","locations":[{"start":{"line":35,"column":26},"end":{"line":35,"column":47}},{"start":{"line":35,"column":51},"end":{"line":35,"column":55}}],"line":35},"4":{"loc":{"start":{"line":45,"column":16},"end":{"line":45,"column":35}},"type":"binary-expr","locations":[{"start":{"line":45,"column":16},"end":{"line":45,"column":29}},{"start":{"line":45,"column":33},"end":{"line":45,"column":35}}],"line":45},"5":{"loc":{"start":{"line":46,"column":18},"end":{"line":46,"column":36}},"type":"binary-expr","locations":[{"start":{"line":46,"column":18},"end":{"line":46,"column":31}},{"start":{"line":46,"column":35},"end":{"line":46,"column":36}}],"line":46},"6":{"loc":{"start":{"line":106,"column":2},"end":{"line":106,"column":28}},"type":"if","locations":[{"start":{"line":106,"column":2},"end":{"line":106,"column":28}},{"start":{},"end":{}}],"line":106},"7":{"loc":{"start":{"line":133,"column":2},"end":{"line":135,"column":3}},"type":"if","locations":[{"start":{"line":133,"column":2},"end":{"line":135,"column":3}},{"start":{},"end":{}}],"line":133},"8":{"loc":{"start":{"line":141,"column":12},"end":{"line":141,"column":43}},"type":"binary-expr","locations":[{"start":{"line":141,"column":12},"end":{"line":141,"column":27}},{"start":{"line":141,"column":31},"end":{"line":141,"column":43}}],"line":141},"9":{"loc":{"start":{"line":142,"column":19},"end":{"line":142,"column":64}},"type":"binary-expr","locations":[{"start":{"line":142,"column":19},"end":{"line":142,"column":41}},{"start":{"line":142,"column":45},"end":{"line":142,"column":64}}],"line":142},"10":{"loc":{"start":{"line":143,"column":25},"end":{"line":143,"column":82}},"type":"binary-expr","locations":[{"start":{"line":143,"column":25},"end":{"line":143,"column":53}},{"start":{"line":143,"column":57},"end":{"line":143,"column":82}}],"line":143},"11":{"loc":{"start":{"line":148,"column":2},"end":{"line":167,"column":3}},"type":"if","locations":[{"start":{"line":148,"column":2},"end":{"line":167,"column":3}},{"start":{},"end":{}}],"line":148},"12":{"loc":{"start":{"line":162,"column":16},"end":{"line":162,"column":35}},"type":"binary-expr","locations":[{"start":{"line":162,"column":16},"end":{"line":162,"column":29}},{"start":{"line":162,"column":33},"end":{"line":162,"column":35}}],"line":162},"13":{"loc":{"start":{"line":163,"column":23},"end":{"line":163,"column":52}},"type":"binary-expr","locations":[{"start":{"line":163,"column":23},"end":{"line":163,"column":43}},{"start":{"line":163,"column":47},"end":{"line":163,"column":52}}],"line":163},"14":{"loc":{"start":{"line":184,"column":2},"end":{"line":186,"column":3}},"type":"if","locations":[{"start":{"line":184,"column":2},"end":{"line":186,"column":3}},{"start":{},"end":{}}],"line":184}},"s":{"0":0,"1":0,"2":0,"3":0,"4":0,"5":0,"6":0,"7":0,"8":0,"9":0,"10":0,"11":0,"12":0,"13":0,"14":0,"15":0,"16":0,"17":0,"18":0,"19":0,"20":0,"21":0,"22":0,"23":0,"24":0,"25":0,"26":0,"27":0,"28":0,"29":0,"30":0,"31":0,"32":0,"33":0,"34":0,"35":0,"36":0},"f":{"0":0,"1":0,"2":0,"3":0,"4":0,"5":0,"6":0,"7":0},"b":{"0":[0,0],"1":[0,0],"2":[0,0],"3":[0,0],"4":[0,0],"5":[0,0],"6":[0,0],"7":[0,0],"8":[0,0],"9":[0,0],"10":[0,0],"11":[0,0],"12":[0,0],"13":[0,0],"14":[0,0]}}
}
