TN:
SF:src/api/middlewares/authMiddleware.js
FN:8,authMiddleware
FNF:1
FNH:0
FNDA:0,authMiddleware
DA:3,0
DA:10,0
DA:13,0
DA:14,0
DA:18,0
DA:20,0
DA:21,0
DA:24,0
DA:26,0
DA:29,0
DA:31,0
DA:34,0
DA:37,0
DA:40,0
DA:41,0
DA:45,0
LF:16
LH:0
BRDA:13,0,0,0
BRDA:13,0,1,0
BRDA:20,1,0,0
BRDA:20,1,1,0
BRDA:20,2,0,0
BRDA:20,2,1,0
BRDA:29,3,0,0
BRDA:29,3,1,0
BRF:8
BRH:0
end_of_record
TN:
SF:src/api/routes/userRoutes.js
FNF:0
FNH:0
DA:3,0
DA:4,0
DA:5,0
DA:8,0
DA:10,0
LF:5
LH:0
BRF:0
BRH:0
end_of_record
TN:
SF:src/api/routes/workoutRoutes.js
FNF:0
FNH:0
DA:3,0
DA:4,0
DA:5,0
DA:6,0
DA:9,0
DA:12,0
DA:15,0
DA:18,0
DA:20,0
LF:9
LH:0
BRF:0
BRH:0
end_of_record
TN:
SF:src/config/prisma.js
FNF:0
FNH:0
DA:3,1
DA:5,1
DA:7,1
LF:3
LH:3
BRF:0
BRH:0
end_of_record
TN:
SF:src/controllers/userController.js
FN:8,createUser
FNF:1
FNH:1
FNDA:3,createUser
DA:3,1
DA:9,3
DA:10,3
DA:11,1
DA:13,2
DA:17,1
LF:6
LH:6
BRF:0
BRH:0
end_of_record
TN:
SF:src/controllers/workoutController.js
FN:8,createWorkout
FN:36,getWorkouts
FN:49,updateWorkout
FN:65,deleteWorkout
FNF:4
FNH:0
FNDA:0,createWorkout
FNDA:0,getWorkouts
FNDA:0,updateWorkout
FNDA:0,deleteWorkout
DA:3,0
DA:9,0
DA:11,0
DA:13,0
DA:14,0
DA:17,0
DA:19,0
DA:27,0
DA:29,0
DA:37,0
DA:38,0
DA:39,0
DA:40,0
DA:42,0
DA:50,0
DA:51,0
DA:52,0
DA:53,0
DA:55,0
DA:56,0
DA:58,0
DA:66,0
DA:67,0
DA:68,0
DA:70,0
DA:71,0
DA:73,0
DA:77,0
LF:28
LH:0
BRDA:13,0,0,0
BRDA:13,0,1,0
BRF:2
BRH:0
end_of_record
TN:
SF:src/services/userService.js
FN:11,createUser
FNF:1
FNH:1
FNDA:6,createUser
DA:3,4
DA:4,4
DA:12,6
DA:14,6
DA:15,6
DA:16,2
DA:19,4
DA:21,4
DA:38,3
DA:41,4
LF:10
LH:10
BRDA:15,0,0,2
BRDA:15,0,1,4
BRDA:25,1,0,3
BRDA:25,1,1,1
BRDA:26,2,0,3
BRDA:26,2,1,1
BRDA:27,3,0,3
BRDA:27,3,1,1
BRDA:28,4,0,3
BRDA:28,4,1,1
BRDA:29,5,0,3
BRDA:29,5,1,1
BRF:12
BRH:12
end_of_record
TN:
SF:src/services/workoutService.js
FN:10,createWorkout
FN:60,getWorkoutsByUser
FN:78,(anonymous_2)
FN:80,(anonymous_3)
FN:94,getWorkoutWithExercises
FN:110,(anonymous_5)
FN:124,updateWorkout
FN:175,deleteWorkout
FNF:8
FNH:0
FNDA:0,createWorkout
FNDA:0,getWorkoutsByUser
FNDA:0,(anonymous_2)
FNDA:0,(anonymous_3)
FNDA:0,getWorkoutWithExercises
FNDA:0,(anonymous_5)
FNDA:0,updateWorkout
FNDA:0,deleteWorkout
DA:3,0
DA:11,0
DA:14,0
DA:24,0
DA:25,0
DA:27,0
DA:31,0
DA:32,0
DA:41,0
DA:54,0
DA:61,0
DA:78,0
DA:80,0
DA:95,0
DA:106,0
DA:108,0
DA:110,0
DA:126,0
DA:133,0
DA:134,0
DA:138,0
DA:148,0
DA:149,0
DA:150,0
DA:153,0
DA:154,0
DA:155,0
DA:169,0
DA:177,0
DA:184,0
DA:185,0
DA:189,0
DA:194,0
DA:198,0
DA:201,0
LF:35
LH:0
BRDA:24,0,0,0
BRDA:24,0,1,0
BRDA:24,1,0,0
BRDA:24,1,1,0
BRDA:31,2,0,0
BRDA:31,2,1,0
BRDA:35,3,0,0
BRDA:35,3,1,0
BRDA:45,4,0,0
BRDA:45,4,1,0
BRDA:46,5,0,0
BRDA:46,5,1,0
BRDA:106,6,0,0
BRDA:106,6,1,0
BRDA:133,7,0,0
BRDA:133,7,1,0
BRDA:141,8,0,0
BRDA:141,8,1,0
BRDA:142,9,0,0
BRDA:142,9,1,0
BRDA:143,10,0,0
BRDA:143,10,1,0
BRDA:148,11,0,0
BRDA:148,11,1,0
BRDA:162,12,0,0
BRDA:162,12,1,0
BRDA:163,13,0,0
BRDA:163,13,1,0
BRDA:184,14,0,0
BRDA:184,14,1,0
BRF:30
BRH:0
end_of_record
